<?xml version="1.0" encoding="UTF-8"?>
<testng-results ignored="0" total="2" passed="2" failed="0" skipped="0">
  <reporter-output>
  </reporter-output>
  <suite started-at="2025-02-26T20:47:13 EST" name="Default suite" finished-at="2025-02-26T20:47:13 EST" duration-ms="31">
    <groups>
    </groups>
    <test started-at="2025-02-26T20:47:13 EST" name="Default test" finished-at="2025-02-26T20:47:13 EST" duration-ms="31">
      <class name="StreamCheck">
        <test-method signature="StreamCalc()[pri:0, instance:StreamCheck@6283d8b8]" started-at="2025-02-26T20:47:13 EST" name="StreamCalc" finished-at="2025-02-26T20:47:13 EST" duration-ms="8" status="PASS">
          <reporter-output>
          </reporter-output>
        </test-method> <!-- StreamCalc -->
        <test-method signature="StreamCalc2()[pri:0, instance:StreamCheck@6283d8b8]" started-at="2025-02-26T20:47:13 EST" name="StreamCalc2" finished-at="2025-02-26T20:47:13 EST" duration-ms="1" status="PASS">
          <reporter-output>
          </reporter-output>
        </test-method> <!-- StreamCalc2 -->
      </class> <!-- StreamCheck -->
    </test> <!-- Default test -->
  </suite> <!-- Default suite -->
</testng-results>
